{"C:\\Users\\Lane\\Documents\\GitHub\\ComfyReaderTempo\\src\\services\\epub-processor\\epubProcessor.ts": {"path":"C:\\Users\\Lane\\Documents\\GitHub\\ComfyReaderTempo\\src\\services\\epub-processor\\epubProcessor.ts","statementMap":{"0":{"start":{"line":17,"column":0},"end":{"line":17,"column":7}},"1":{"start":{"line":1,"column":0},"end":{"line":1,"column":26}},"2":{"start":{"line":2,"column":0},"end":{"line":2,"column":35}},"3":{"start":{"line":20,"column":2},"end":{"line":53,"column":3}},"4":{"start":{"line":22,"column":16},"end":{"line":22,"column":47}},"5":{"start":{"line":25,"column":22},"end":{"line":25,"column":51}},"6":{"start":{"line":28,"column":21},"end":{"line":28,"column":58}},"7":{"start":{"line":31,"column":22},"end":{"line":31,"column":60}},"8":{"start":{"line":34,"column":16},"end":{"line":34,"column":48}},"9":{"start":{"line":37,"column":15},"end":{"line":39,"column":24}},"10":{"start":{"line":42,"column":4},"end":{"line":49,"column":6}},"11":{"start":{"line":51,"column":4},"end":{"line":51,"column":51}},"12":{"start":{"line":52,"column":4},"end":{"line":52,"column":75}},"13":{"start":{"line":61,"column":22},"end":{"line":61,"column":47}},"14":{"start":{"line":64,"column":19},"end":{"line":64,"column":77}},"15":{"start":{"line":67,"column":21},"end":{"line":67,"column":63}},"16":{"start":{"line":68,"column":17},"end":{"line":68,"column":79}},"17":{"start":{"line":71,"column":19},"end":{"line":71,"column":42}},"18":{"start":{"line":74,"column":19},"end":{"line":74,"column":52}},"19":{"start":{"line":77,"column":16},"end":{"line":77,"column":36}},"20":{"start":{"line":80,"column":14},"end":{"line":80,"column":68}},"21":{"start":{"line":82,"column":2},"end":{"line":89,"column":4}},"22":{"start":{"line":96,"column":23},"end":{"line":96,"column":78}},"23":{"start":{"line":97,"column":17},"end":{"line":97,"column":32}},"24":{"start":{"line":98,"column":23},"end":{"line":98,"column":78}},"25":{"start":{"line":99,"column":20},"end":{"line":99,"column":65}},"26":{"start":{"line":101,"column":2},"end":{"line":108,"column":3}},"27":{"start":{"line":101,"column":15},"end":{"line":101,"column":16}},"28":{"start":{"line":102,"column":21},"end":{"line":102,"column":33}},"29":{"start":{"line":103,"column":4},"end":{"line":107,"column":5}},"30":{"start":{"line":106,"column":6},"end":{"line":106,"column":54}},"31":{"start":{"line":110,"column":2},"end":{"line":110,"column":70}},"32":{"start":{"line":117,"column":23},"end":{"line":117,"column":65}},"33":{"start":{"line":118,"column":33},"end":{"line":128,"column":4}},"34":{"start":{"line":130,"column":2},"end":{"line":130,"column":18}},"35":{"start":{"line":137,"column":19},"end":{"line":137,"column":55}},"36":{"start":{"line":138,"column":2},"end":{"line":140,"column":3}},"37":{"start":{"line":139,"column":4},"end":{"line":139,"column":48}},"38":{"start":{"line":141,"column":2},"end":{"line":141,"column":19}},"39":{"start":{"line":148,"column":19},"end":{"line":148,"column":55}},"40":{"start":{"line":149,"column":27},"end":{"line":149,"column":29}},"41":{"start":{"line":151,"column":2},"end":{"line":156,"column":3}},"42":{"start":{"line":151,"column":15},"end":{"line":151,"column":16}},"43":{"start":{"line":152,"column":17},"end":{"line":152,"column":40}},"44":{"start":{"line":153,"column":4},"end":{"line":155,"column":5}},"45":{"start":{"line":154,"column":6},"end":{"line":154,"column":24}},"46":{"start":{"line":158,"column":2},"end":{"line":158,"column":46}},"47":{"start":{"line":168,"column":23},"end":{"line":168,"column":65}},"48":{"start":{"line":169,"column":16},"end":{"line":169,"column":57}},"49":{"start":{"line":170,"column":19},"end":{"line":170,"column":50}},"50":{"start":{"line":172,"column":2},"end":{"line":179,"column":3}},"51":{"start":{"line":172,"column":15},"end":{"line":172,"column":16}},"52":{"start":{"line":173,"column":17},"end":{"line":173,"column":25}},"53":{"start":{"line":174,"column":15},"end":{"line":174,"column":44}},"54":{"start":{"line":175,"column":17},"end":{"line":175,"column":48}},"55":{"start":{"line":176,"column":22},"end":{"line":176,"column":59}},"56":{"start":{"line":178,"column":4},"end":{"line":178,"column":46}},"57":{"start":{"line":181,"column":2},"end":{"line":181,"column":18}},"58":{"start":{"line":188,"column":20},"end":{"line":188,"column":59}},"59":{"start":{"line":189,"column":16},"end":{"line":189,"column":57}},"60":{"start":{"line":190,"column":29},"end":{"line":190,"column":31}},"61":{"start":{"line":192,"column":2},"end":{"line":198,"column":3}},"62":{"start":{"line":192,"column":15},"end":{"line":192,"column":16}},"63":{"start":{"line":193,"column":17},"end":{"line":193,"column":25}},"64":{"start":{"line":194,"column":18},"end":{"line":194,"column":50}},"65":{"start":{"line":195,"column":19},"end":{"line":195,"column":55}},"66":{"start":{"line":197,"column":4},"end":{"line":197,"column":44}},"67":{"start":{"line":200,"column":2},"end":{"line":200,"column":15}},"68":{"start":{"line":214,"column":23},"end":{"line":214,"column":62}},"69":{"start":{"line":215,"column":16},"end":{"line":215,"column":48}},"70":{"start":{"line":217,"column":2},"end":{"line":232,"column":3}},"71":{"start":{"line":219,"column":20},"end":{"line":219,"column":68}},"72":{"start":{"line":220,"column":4},"end":{"line":220,"column":63}},"73":{"start":{"line":223,"column":4},"end":{"line":231,"column":5}},"74":{"start":{"line":224,"column":6},"end":{"line":230,"column":7}},"75":{"start":{"line":228,"column":24},"end":{"line":228,"column":56}},"76":{"start":{"line":229,"column":8},"end":{"line":229,"column":67}},"77":{"start":{"line":235,"column":2},"end":{"line":235,"column":45}},"78":{"start":{"line":242,"column":17},"end":{"line":242,"column":32}},"79":{"start":{"line":243,"column":14},"end":{"line":243,"column":67}},"80":{"start":{"line":244,"column":20},"end":{"line":244,"column":56}},"81":{"start":{"line":245,"column":28},"end":{"line":245,"column":30}},"82":{"start":{"line":248,"column":22},"end":{"line":248,"column":66}},"83":{"start":{"line":249,"column":21},"end":{"line":249,"column":62}},"84":{"start":{"line":250,"column":24},"end":{"line":250,"column":67}},"85":{"start":{"line":252,"column":18},"end":{"line":252,"column":51}},"86":{"start":{"line":253,"column":17},"end":{"line":253,"column":54}},"87":{"start":{"line":255,"column":26},"end":{"line":260,"column":6}},"88":{"start":{"line":263,"column":27},"end":{"line":264,"column":null}},"89":{"start":{"line":264,"column":16},"end":{"line":264,"column":44}},"90":{"start":{"line":267,"column":4},"end":{"line":269,"column":5}},"91":{"start":{"line":268,"column":6},"end":{"line":268,"column":75}},"92":{"start":{"line":271,"column":4},"end":{"line":271,"column":16}},"93":{"start":{"line":274,"column":2},"end":{"line":280,"column":3}},"94":{"start":{"line":274,"column":15},"end":{"line":274,"column":16}},"95":{"start":{"line":275,"column":21},"end":{"line":275,"column":33}},"96":{"start":{"line":277,"column":4},"end":{"line":279,"column":5}},"97":{"start":{"line":278,"column":6},"end":{"line":278,"column":48}},"98":{"start":{"line":282,"column":2},"end":{"line":282,"column":16}},"99":{"start":{"line":289,"column":17},"end":{"line":289,"column":32}},"100":{"start":{"line":290,"column":14},"end":{"line":290,"column":61}},"101":{"start":{"line":291,"column":21},"end":{"line":292,"column":null}},"102":{"start":{"line":295,"column":2},"end":{"line":297,"column":3}},"103":{"start":{"line":296,"column":4},"end":{"line":296,"column":14}},"104":{"start":{"line":300,"column":19},"end":{"line":300,"column":40}},"105":{"start":{"line":301,"column":18},"end":{"line":301,"column":50}},"106":{"start":{"line":302,"column":17},"end":{"line":302,"column":51}},"107":{"start":{"line":304,"column":26},"end":{"line":309,"column":6}},"108":{"start":{"line":312,"column":23},"end":{"line":312,"column":49}},"109":{"start":{"line":313,"column":4},"end":{"line":318,"column":5}},"110":{"start":{"line":314,"column":26},"end":{"line":314,"column":59}},"111":{"start":{"line":315,"column":6},"end":{"line":317,"column":7}},"112":{"start":{"line":315,"column":19},"end":{"line":315,"column":20}},"113":{"start":{"line":316,"column":8},"end":{"line":316,"column":71}},"114":{"start":{"line":320,"column":4},"end":{"line":320,"column":16}},"115":{"start":{"line":323,"column":28},"end":{"line":323,"column":30}},"116":{"start":{"line":324,"column":20},"end":{"line":324,"column":67}},"117":{"start":{"line":326,"column":2},"end":{"line":328,"column":3}},"118":{"start":{"line":326,"column":15},"end":{"line":326,"column":16}},"119":{"start":{"line":327,"column":4},"end":{"line":327,"column":50}},"120":{"start":{"line":330,"column":2},"end":{"line":330,"column":16}},"121":{"start":{"line":340,"column":28},"end":{"line":340,"column":30}},"122":{"start":{"line":342,"column":2},"end":{"line":352,"column":3}},"123":{"start":{"line":343,"column":25},"end":{"line":343,"column":54}},"124":{"start":{"line":344,"column":4},"end":{"line":351,"column":5}},"125":{"start":{"line":345,"column":6},"end":{"line":350,"column":9}},"126":{"start":{"line":354,"column":2},"end":{"line":354,"column":16}},"127":{"start":{"line":361,"column":2},"end":{"line":361,"column":23}},"128":{"start":{"line":361,"column":13},"end":{"line":361,"column":23}},"129":{"start":{"line":364,"column":2},"end":{"line":366,"column":3}},"130":{"start":{"line":365,"column":4},"end":{"line":365,"column":29}},"131":{"start":{"line":369,"column":2},"end":{"line":372,"column":3}},"132":{"start":{"line":370,"column":20},"end":{"line":370,"column":62}},"133":{"start":{"line":371,"column":4},"end":{"line":371,"column":57}},"134":{"start":{"line":374,"column":2},"end":{"line":374,"column":25}},"135":{"start":{"line":384,"column":30},"end":{"line":384,"column":32}},"136":{"start":{"line":386,"column":2},"end":{"line":414,"column":3}},"137":{"start":{"line":387,"column":25},"end":{"line":387,"column":64}},"138":{"start":{"line":389,"column":4},"end":{"line":413,"column":5}},"139":{"start":{"line":390,"column":26},"end":{"line":390,"column":76}},"140":{"start":{"line":391,"column":29},"end":{"line":391,"column":71}},"141":{"start":{"line":393,"column":6},"end":{"line":412,"column":7}},"142":{"start":{"line":395,"column":22},"end":{"line":398,"column":null}},"143":{"start":{"line":401,"column":8},"end":{"line":411,"column":11}},"144":{"start":{"line":416,"column":2},"end":{"line":416,"column":18}},"145":{"start":{"line":423,"column":17},"end":{"line":423,"column":32}},"146":{"start":{"line":424,"column":14},"end":{"line":424,"column":55}},"147":{"start":{"line":428,"column":19},"end":{"line":428,"column":68}},"148":{"start":{"line":429,"column":2},"end":{"line":429,"column":32}},"149":{"start":{"line":429,"column":16},"end":{"line":429,"column":32}},"150":{"start":{"line":432,"column":13},"end":{"line":432,"column":59}},"151":{"start":{"line":433,"column":2},"end":{"line":433,"column":20}},"152":{"start":{"line":433,"column":10},"end":{"line":433,"column":20}},"153":{"start":{"line":436,"column":13},"end":{"line":436,"column":59}},"154":{"start":{"line":437,"column":2},"end":{"line":437,"column":20}},"155":{"start":{"line":437,"column":10},"end":{"line":437,"column":20}},"156":{"start":{"line":440,"column":2},"end":{"line":440,"column":32}},"157":{"start":{"line":451,"column":17},"end":{"line":451,"column":32}},"158":{"start":{"line":452,"column":14},"end":{"line":452,"column":55}},"159":{"start":{"line":455,"column":18},"end":{"line":455,"column":54}},"160":{"start":{"line":459,"column":2},"end":{"line":459,"column":17}},"161":{"start":{"line":469,"column":20},"end":{"line":469,"column":47}},"162":{"start":{"line":471,"column":2},"end":{"line":491,"column":3}},"163":{"start":{"line":473,"column":4},"end":{"line":490,"column":5}},"164":{"start":{"line":478,"column":27},"end":{"line":478,"column":69}},"165":{"start":{"line":479,"column":19},"end":{"line":479,"column":41}},"166":{"start":{"line":481,"column":6},"end":{"line":489,"column":7}},"167":{"start":{"line":482,"column":21},"end":{"line":482,"column":45}},"168":{"start":{"line":483,"column":8},"end":{"line":488,"column":11}},"169":{"start":{"line":493,"column":2},"end":{"line":493,"column":19}},"170":{"start":{"line":503,"column":29},"end":{"line":503,"column":31}},"171":{"start":{"line":505,"column":2},"end":{"line":515,"column":3}},"172":{"start":{"line":506,"column":4},"end":{"line":514,"column":5}},"173":{"start":{"line":507,"column":22},"end":{"line":507,"column":64}},"174":{"start":{"line":508,"column":19},"end":{"line":508,"column":36}},"175":{"start":{"line":510,"column":6},"end":{"line":513,"column":7}},"176":{"start":{"line":511,"column":24},"end":{"line":511,"column":48}},"177":{"start":{"line":512,"column":8},"end":{"line":512,"column":31}},"178":{"start":{"line":517,"column":2},"end":{"line":517,"column":18}}},"fnMap":{"0":{"name":"processEpubToHtml","decl":{"start":{"line":17,"column":22},"end":{"line":17,"column":39}},"loc":{"start":{"line":18,"column":16},"end":{"line":54,"column":1}}},"1":{"name":"parseEpubStructure","decl":{"start":{"line":59,"column":15},"end":{"line":59,"column":33}},"loc":{"start":{"line":59,"column":44},"end":{"line":90,"column":1}}},"2":{"name":"getContentPath","decl":{"start":{"line":95,"column":15},"end":{"line":95,"column":29}},"loc":{"start":{"line":95,"column":40},"end":{"line":111,"column":1}}},"3":{"name":"extractMetadata","decl":{"start":{"line":116,"column":9},"end":{"line":116,"column":24}},"loc":{"start":{"line":116,"column":41},"end":{"line":131,"column":1}}},"4":{"name":"getElementText","decl":{"start":{"line":136,"column":9},"end":{"line":136,"column":23}},"loc":{"start":{"line":136,"column":56},"end":{"line":142,"column":1}}},"5":{"name":"getElementArray","decl":{"start":{"line":147,"column":9},"end":{"line":147,"column":24}},"loc":{"start":{"line":147,"column":57},"end":{"line":159,"column":1}}},"6":{"name":"extractManifest","decl":{"start":{"line":164,"column":9},"end":{"line":164,"column":24}},"loc":{"start":{"line":166,"column":18},"end":{"line":182,"column":1}}},"7":{"name":"extractSpine","decl":{"start":{"line":187,"column":9},"end":{"line":187,"column":21}},"loc":{"start":{"line":187,"column":38},"end":{"line":201,"column":1}}},"8":{"name":"parseToc","decl":{"start":{"line":206,"column":15},"end":{"line":206,"column":23}},"loc":{"start":{"line":211,"column":20},"end":{"line":236,"column":1}}},"9":{"name":"parseNcxToc","decl":{"start":{"line":241,"column":9},"end":{"line":241,"column":20}},"loc":{"start":{"line":241,"column":39},"end":{"line":283,"column":1}}},"10":{"name":"processNavPoint","decl":{"start":{"line":247,"column":11},"end":{"line":247,"column":26}},"loc":{"start":{"line":247,"column":59},"end":{"line":272,"column":3}}},"11":{"name":"(anonymous_12)","decl":{"start":{"line":264,"column":6},"end":{"line":264,"column":7}},"loc":{"start":{"line":264,"column":16},"end":{"line":264,"column":44}}},"12":{"name":"parseNavToc","decl":{"start":{"line":288,"column":9},"end":{"line":288,"column":20}},"loc":{"start":{"line":288,"column":39},"end":{"line":331,"column":1}}},"13":{"name":"processListItem","decl":{"start":{"line":299,"column":11},"end":{"line":299,"column":26}},"loc":{"start":{"line":299,"column":53},"end":{"line":321,"column":3}}},"14":{"name":"createTocFromSpine","decl":{"start":{"line":336,"column":9},"end":{"line":336,"column":27}},"loc":{"start":{"line":338,"column":37},"end":{"line":355,"column":1}}},"15":{"name":"resolveHref","decl":{"start":{"line":360,"column":9},"end":{"line":360,"column":20}},"loc":{"start":{"line":360,"column":51},"end":{"line":375,"column":1}}},"16":{"name":"processChapters","decl":{"start":{"line":380,"column":15},"end":{"line":380,"column":30}},"loc":{"start":{"line":382,"column":26},"end":{"line":417,"column":1}}},"17":{"name":"findChapterTitle","decl":{"start":{"line":422,"column":9},"end":{"line":422,"column":25}},"loc":{"start":{"line":422,"column":65},"end":{"line":441,"column":1}}},"18":{"name":"processHtmlContent","decl":{"start":{"line":446,"column":15},"end":{"line":446,"column":33}},"loc":{"start":{"line":449,"column":26},"end":{"line":460,"column":1}}},"19":{"name":"processResources","decl":{"start":{"line":465,"column":15},"end":{"line":465,"column":31}},"loc":{"start":{"line":467,"column":26},"end":{"line":494,"column":1}}},"20":{"name":"extractCss","decl":{"start":{"line":499,"column":15},"end":{"line":499,"column":25}},"loc":{"start":{"line":501,"column":26},"end":{"line":518,"column":1}}}},"branchMap":{"0":{"loc":{"start":{"line":103,"column":4},"end":{"line":107,"column":5}},"type":"if","locations":[{"start":{"line":103,"column":4},"end":{"line":107,"column":5}}]},"1":{"loc":{"start":{"line":106,"column":13},"end":{"line":106,"column":53}},"type":"binary-expr","locations":[{"start":{"line":106,"column":13},"end":{"line":106,"column":47}},{"start":{"line":106,"column":51},"end":{"line":106,"column":53}}]},"2":{"loc":{"start":{"line":119,"column":11},"end":{"line":119,"column":70}},"type":"binary-expr","locations":[{"start":{"line":119,"column":11},"end":{"line":119,"column":51}},{"start":{"line":119,"column":55},"end":{"line":119,"column":70}}]},"3":{"loc":{"start":{"line":121,"column":14},"end":{"line":121,"column":65}},"type":"binary-expr","locations":[{"start":{"line":121,"column":14},"end":{"line":121,"column":57}},{"start":{"line":121,"column":61},"end":{"line":121,"column":65}}]},"4":{"loc":{"start":{"line":124,"column":6},"end":{"line":124,"column":73}},"type":"binary-expr","locations":[{"start":{"line":124,"column":6},"end":{"line":124,"column":51}},{"start":{"line":124,"column":55},"end":{"line":124,"column":73}}]},"5":{"loc":{"start":{"line":138,"column":2},"end":{"line":140,"column":3}},"type":"if","locations":[{"start":{"line":138,"column":2},"end":{"line":140,"column":3}}]},"6":{"loc":{"start":{"line":139,"column":11},"end":{"line":139,"column":47}},"type":"binary-expr","locations":[{"start":{"line":139,"column":11},"end":{"line":139,"column":34}},{"start":{"line":139,"column":38},"end":{"line":139,"column":47}}]},"7":{"loc":{"start":{"line":153,"column":4},"end":{"line":155,"column":5}},"type":"if","locations":[{"start":{"line":153,"column":4},"end":{"line":155,"column":5}}]},"8":{"loc":{"start":{"line":158,"column":9},"end":{"line":158,"column":45}},"type":"cond-expr","locations":[{"start":{"line":158,"column":25},"end":{"line":158,"column":31}},{"start":{"line":158,"column":34},"end":{"line":158,"column":45}}]},"9":{"loc":{"start":{"line":174,"column":15},"end":{"line":174,"column":44}},"type":"binary-expr","locations":[{"start":{"line":174,"column":15},"end":{"line":174,"column":38}},{"start":{"line":174,"column":42},"end":{"line":174,"column":44}}]},"10":{"loc":{"start":{"line":175,"column":17},"end":{"line":175,"column":48}},"type":"binary-expr","locations":[{"start":{"line":175,"column":17},"end":{"line":175,"column":42}},{"start":{"line":175,"column":46},"end":{"line":175,"column":48}}]},"11":{"loc":{"start":{"line":176,"column":22},"end":{"line":176,"column":59}},"type":"binary-expr","locations":[{"start":{"line":176,"column":22},"end":{"line":176,"column":53}},{"start":{"line":176,"column":57},"end":{"line":176,"column":59}}]},"12":{"loc":{"start":{"line":194,"column":18},"end":{"line":194,"column":50}},"type":"binary-expr","locations":[{"start":{"line":194,"column":18},"end":{"line":194,"column":44}},{"start":{"line":194,"column":48},"end":{"line":194,"column":50}}]},"13":{"loc":{"start":{"line":217,"column":2},"end":{"line":232,"column":3}},"type":"if","locations":[{"start":{"line":217,"column":2},"end":{"line":232,"column":3}},{"start":{"line":221,"column":9},"end":{"line":232,"column":3}}]},"14":{"loc":{"start":{"line":217,"column":6},"end":{"line":217,"column":34}},"type":"binary-expr","locations":[{"start":{"line":217,"column":6},"end":{"line":217,"column":11}},{"start":{"line":217,"column":15},"end":{"line":217,"column":34}}]},"15":{"loc":{"start":{"line":224,"column":6},"end":{"line":230,"column":7}},"type":"if","locations":[{"start":{"line":224,"column":6},"end":{"line":230,"column":7}}]},"16":{"loc":{"start":{"line":225,"column":8},"end":{"line":226,"column":33}},"type":"binary-expr","locations":[{"start":{"line":225,"column":8},"end":{"line":225,"column":50}},{"start":{"line":226,"column":8},"end":{"line":226,"column":33}}]},"17":{"loc":{"start":{"line":252,"column":18},"end":{"line":252,"column":51}},"type":"binary-expr","locations":[{"start":{"line":252,"column":18},"end":{"line":252,"column":38}},{"start":{"line":252,"column":42},"end":{"line":252,"column":51}}]},"18":{"loc":{"start":{"line":253,"column":17},"end":{"line":253,"column":54}},"type":"binary-expr","locations":[{"start":{"line":253,"column":17},"end":{"line":253,"column":48}},{"start":{"line":253,"column":52},"end":{"line":253,"column":54}}]},"19":{"loc":{"start":{"line":277,"column":4},"end":{"line":279,"column":5}},"type":"if","locations":[{"start":{"line":277,"column":4},"end":{"line":279,"column":5}}]},"20":{"loc":{"start":{"line":277,"column":8},"end":{"line":277,"column":75}},"type":"binary-expr","locations":[{"start":{"line":277,"column":8},"end":{"line":277,"column":28}},{"start":{"line":277,"column":32},"end":{"line":277,"column":75}}]},"21":{"loc":{"start":{"line":295,"column":2},"end":{"line":297,"column":3}},"type":"if","locations":[{"start":{"line":295,"column":2},"end":{"line":297,"column":3}}]},"22":{"loc":{"start":{"line":301,"column":18},"end":{"line":301,"column":50}},"type":"binary-expr","locations":[{"start":{"line":301,"column":18},"end":{"line":301,"column":37}},{"start":{"line":301,"column":41},"end":{"line":301,"column":50}}]},"23":{"loc":{"start":{"line":302,"column":17},"end":{"line":302,"column":51}},"type":"binary-expr","locations":[{"start":{"line":302,"column":17},"end":{"line":302,"column":45}},{"start":{"line":302,"column":49},"end":{"line":302,"column":51}}]},"24":{"loc":{"start":{"line":313,"column":4},"end":{"line":318,"column":5}},"type":"if","locations":[{"start":{"line":313,"column":4},"end":{"line":318,"column":5}}]},"25":{"loc":{"start":{"line":344,"column":4},"end":{"line":351,"column":5}},"type":"if","locations":[{"start":{"line":344,"column":4},"end":{"line":351,"column":5}}]},"26":{"loc":{"start":{"line":361,"column":2},"end":{"line":361,"column":23}},"type":"if","locations":[{"start":{"line":361,"column":2},"end":{"line":361,"column":23}}]},"27":{"loc":{"start":{"line":364,"column":2},"end":{"line":366,"column":3}},"type":"if","locations":[{"start":{"line":364,"column":2},"end":{"line":366,"column":3}}]},"28":{"loc":{"start":{"line":369,"column":2},"end":{"line":372,"column":3}},"type":"if","locations":[{"start":{"line":369,"column":2},"end":{"line":372,"column":3}}]},"29":{"loc":{"start":{"line":389,"column":4},"end":{"line":413,"column":5}},"type":"if","locations":[{"start":{"line":389,"column":4},"end":{"line":413,"column":5}}]},"30":{"loc":{"start":{"line":389,"column":8},"end":{"line":389,"column":74}},"type":"binary-expr","locations":[{"start":{"line":389,"column":8},"end":{"line":389,"column":20}},{"start":{"line":389,"column":24},"end":{"line":389,"column":74}}]},"31":{"loc":{"start":{"line":393,"column":6},"end":{"line":412,"column":7}},"type":"if","locations":[{"start":{"line":393,"column":6},"end":{"line":412,"column":7}}]},"32":{"loc":{"start":{"line":429,"column":2},"end":{"line":429,"column":32}},"type":"if","locations":[{"start":{"line":429,"column":2},"end":{"line":429,"column":32}}]},"33":{"loc":{"start":{"line":433,"column":2},"end":{"line":433,"column":20}},"type":"if","locations":[{"start":{"line":433,"column":2},"end":{"line":433,"column":20}}]},"34":{"loc":{"start":{"line":437,"column":2},"end":{"line":437,"column":20}},"type":"if","locations":[{"start":{"line":437,"column":2},"end":{"line":437,"column":20}}]},"35":{"loc":{"start":{"line":455,"column":18},"end":{"line":455,"column":54}},"type":"cond-expr","locations":[{"start":{"line":455,"column":29},"end":{"line":455,"column":47}},{"start":{"line":455,"column":50},"end":{"line":455,"column":54}}]},"36":{"loc":{"start":{"line":473,"column":4},"end":{"line":490,"column":5}},"type":"if","locations":[{"start":{"line":473,"column":4},"end":{"line":490,"column":5}}]},"37":{"loc":{"start":{"line":474,"column":6},"end":{"line":476,"column":35}},"type":"binary-expr","locations":[{"start":{"line":474,"column":6},"end":{"line":474,"column":48}},{"start":{"line":475,"column":6},"end":{"line":475,"column":42}},{"start":{"line":476,"column":6},"end":{"line":476,"column":35}}]},"38":{"loc":{"start":{"line":481,"column":6},"end":{"line":489,"column":7}},"type":"if","locations":[{"start":{"line":481,"column":6},"end":{"line":489,"column":7}}]},"39":{"loc":{"start":{"line":506,"column":4},"end":{"line":514,"column":5}},"type":"if","locations":[{"start":{"line":506,"column":4},"end":{"line":514,"column":5}}]},"40":{"loc":{"start":{"line":510,"column":6},"end":{"line":513,"column":7}},"type":"if","locations":[{"start":{"line":510,"column":6},"end":{"line":513,"column":7}}]}},"s":{"0":1,"1":1,"2":1,"3":2,"4":2,"5":1,"6":1,"7":1,"8":1,"9":1,"10":1,"11":1,"12":1,"13":1,"14":1,"15":1,"16":1,"17":1,"18":1,"19":1,"20":1,"21":1,"22":1,"23":1,"24":1,"25":1,"26":1,"27":1,"28":1,"29":1,"30":1,"31":0,"32":1,"33":1,"34":1,"35":7,"36":7,"37":4,"38":3,"39":1,"40":1,"41":1,"42":1,"43":1,"44":1,"45":1,"46":1,"47":1,"48":1,"49":1,"50":1,"51":1,"52":3,"53":3,"54":3,"55":3,"56":3,"57":1,"58":1,"59":1,"60":1,"61":1,"62":1,"63":2,"64":2,"65":2,"66":2,"67":1,"68":1,"69":1,"70":1,"71":1,"72":1,"73":0,"74":0,"75":0,"76":0,"77":0,"78":1,"79":1,"80":1,"81":1,"82":0,"83":0,"84":0,"85":0,"86":0,"87":0,"88":0,"89":0,"90":0,"91":0,"92":0,"93":1,"94":1,"95":0,"96":0,"97":0,"98":1,"99":0,"100":0,"101":0,"102":0,"103":0,"104":0,"105":0,"106":0,"107":0,"108":0,"109":0,"110":0,"111":0,"112":0,"113":0,"114":0,"115":0,"116":0,"117":0,"118":0,"119":0,"120":0,"121":0,"122":0,"123":0,"124":0,"125":0,"126":0,"127":3,"128":0,"129":3,"130":0,"131":3,"132":0,"133":0,"134":3,"135":1,"136":1,"137":2,"138":2,"139":2,"140":2,"141":2,"142":2,"143":2,"144":1,"145":2,"146":2,"147":2,"148":2,"149":0,"150":2,"151":2,"152":0,"153":2,"154":2,"155":0,"156":2,"157":2,"158":2,"159":2,"160":2,"161":1,"162":1,"163":3,"164":0,"165":0,"166":0,"167":0,"168":0,"169":1,"170":1,"171":1,"172":3,"173":0,"174":0,"175":0,"176":0,"177":0,"178":1},"f":{"0":2,"1":1,"2":1,"3":1,"4":7,"5":1,"6":1,"7":1,"8":1,"9":1,"10":0,"11":0,"12":0,"13":0,"14":0,"15":3,"16":1,"17":2,"18":2,"19":1,"20":1},"b":{"0":[1],"1":[1,0],"2":[1,0],"3":[1,0],"4":[1,0],"5":[4],"6":[4,0],"7":[1],"8":[1,0],"9":[3,0],"10":[3,0],"11":[3,0],"12":[2,0],"13":[1,0],"14":[1,1],"15":[0],"16":[0,0],"17":[0,0],"18":[0,0],"19":[0],"20":[0,0],"21":[0],"22":[0,0],"23":[0,0],"24":[0],"25":[0],"26":[0],"27":[0],"28":[0],"29":[2],"30":[2,2],"31":[2],"32":[0],"33":[0],"34":[0],"35":[0,2],"36":[0],"37":[3,0,0],"38":[0],"39":[0],"40":[0]}}
,"C:\\Users\\Lane\\Documents\\GitHub\\ComfyReaderTempo\\src\\services\\epub-processor\\htmlGenerator.ts": {"path":"C:\\Users\\Lane\\Documents\\GitHub\\ComfyReaderTempo\\src\\services\\epub-processor\\htmlGenerator.ts","statementMap":{"0":{"start":{"line":6,"column":0},"end":{"line":6,"column":7}},"1":{"start":{"line":12,"column":24},"end":{"line":12,"column":49}},"2":{"start":{"line":15,"column":20},"end":{"line":15,"column":45}},"3":{"start":{"line":16,"column":2},"end":{"line":21,"column":3}},"4":{"start":{"line":17,"column":4},"end":{"line":20,"column":6}},"5":{"start":{"line":24,"column":20},"end":{"line":24,"column":41}},"6":{"start":{"line":26,"column":2},"end":{"line":30,"column":4}},"7":{"start":{"line":37,"column":20},"end":{"line":37,"column":22}},"8":{"start":{"line":40,"column":2},"end":{"line":42,"column":3}},"9":{"start":{"line":41,"column":4},"end":{"line":41,"column":32}},"10":{"start":{"line":45,"column":2},"end":{"line":81,"column":4}},"11":{"start":{"line":83,"column":2},"end":{"line":83,"column":21}},"12":{"start":{"line":90,"column":2},"end":{"line":132,"column":9}},"13":{"start":{"line":139,"column":2},"end":{"line":204,"column":9}},"14":{"start":{"line":211,"column":13},"end":{"line":211,"column":15}},"15":{"start":{"line":213,"column":2},"end":{"line":228,"column":3}},"16":{"start":{"line":215,"column":22},"end":{"line":215,"column":67}},"17":{"start":{"line":217,"column":4},"end":{"line":223,"column":11}},"18":{"start":{"line":225,"column":4},"end":{"line":227,"column":5}},"19":{"start":{"line":226,"column":6},"end":{"line":226,"column":50}},"20":{"start":{"line":230,"column":2},"end":{"line":230,"column":14}},"21":{"start":{"line":238,"column":19},"end":{"line":238,"column":37}},"22":{"start":{"line":241,"column":2},"end":{"line":245,"column":3}},"23":{"start":{"line":242,"column":4},"end":{"line":244,"column":5}},"24":{"start":{"line":243,"column":6},"end":{"line":243,"column":24}},"25":{"start":{"line":248,"column":2},"end":{"line":248,"column":58}}},"fnMap":{"0":{"name":"generateHtml","decl":{"start":{"line":6,"column":22},"end":{"line":6,"column":34}},"loc":{"start":{"line":6,"column":54},"end":{"line":31,"column":1}}},"1":{"name":"normalizeStyles","decl":{"start":{"line":36,"column":9},"end":{"line":36,"column":24}},"loc":{"start":{"line":36,"column":43},"end":{"line":84,"column":1}}},"2":{"name":"createChapterHtml","decl":{"start":{"line":89,"column":9},"end":{"line":89,"column":26}},"loc":{"start":{"line":89,"column":64},"end":{"line":133,"column":1}}},"3":{"name":"createIndexHtml","decl":{"start":{"line":138,"column":9},"end":{"line":138,"column":24}},"loc":{"start":{"line":138,"column":44},"end":{"line":205,"column":1}}},"4":{"name":"renderTocItems","decl":{"start":{"line":210,"column":9},"end":{"line":210,"column":23}},"loc":{"start":{"line":210,"column":61},"end":{"line":231,"column":1}}},"5":{"name":"findChapterIdByHref","decl":{"start":{"line":236,"column":9},"end":{"line":236,"column":28}},"loc":{"start":{"line":236,"column":62},"end":{"line":249,"column":1}}}},"branchMap":{"0":{"loc":{"start":{"line":192,"column":8},"end":{"line":194,"column":null}},"type":"cond-expr","locations":[{"start":{"line":193,"column":12},"end":{"line":193,"column":61}},{"start":{"line":194,"column":12},"end":{"line":194,"column":null}}]},"1":{"loc":{"start":{"line":218,"column":6},"end":{"line":218,"column":null}},"type":"cond-expr","locations":[{"start":{"line":218,"column":23},"end":{"line":218,"column":48}},{"start":{"line":218,"column":51},"end":{"line":218,"column":null}}]},"2":{"loc":{"start":{"line":221,"column":6},"end":{"line":221,"column":null}},"type":"cond-expr","locations":[{"start":{"line":221,"column":32},"end":{"line":221,"column":75}},{"start":{"line":221,"column":78},"end":{"line":221,"column":null}}]},"3":{"loc":{"start":{"line":225,"column":4},"end":{"line":227,"column":5}},"type":"if","locations":[{"start":{"line":225,"column":4},"end":{"line":227,"column":5}}]},"4":{"loc":{"start":{"line":225,"column":8},"end":{"line":225,"column":49}},"type":"binary-expr","locations":[{"start":{"line":225,"column":8},"end":{"line":225,"column":21}},{"start":{"line":225,"column":25},"end":{"line":225,"column":49}}]},"5":{"loc":{"start":{"line":242,"column":4},"end":{"line":244,"column":5}},"type":"if","locations":[{"start":{"line":242,"column":4},"end":{"line":244,"column":5}}]},"6":{"loc":{"start":{"line":248,"column":9},"end":{"line":248,"column":57}},"type":"cond-expr","locations":[{"start":{"line":248,"column":31},"end":{"line":248,"column":45}},{"start":{"line":248,"column":48},"end":{"line":248,"column":57}}]}},"s":{"0":1,"1":3,"2":3,"3":3,"4":6,"5":3,"6":3,"7":3,"8":3,"9":2,"10":3,"11":3,"12":6,"13":3,"14":6,"15":6,"16":15,"17":15,"18":15,"19":3,"20":6,"21":15,"22":15,"23":20,"24":10,"25":5},"f":{"0":3,"1":3,"2":6,"3":3,"4":6,"5":15},"b":{"0":[3,0],"1":[15,0],"2":[6,9],"3":[3],"4":[15,15],"5":[10],"6":[0,5]}}
,"C:\\Users\\Lane\\Documents\\GitHub\\ComfyReaderTempo\\src\\services\\epub-processor\\index.ts": {"path":"C:\\Users\\Lane\\Documents\\GitHub\\ComfyReaderTempo\\src\\services\\epub-processor\\index.ts","statementMap":{"0":{"start":{"line":10,"column":2},"end":{"line":29,"column":3}},"1":{"start":{"line":12,"column":26},"end":{"line":12,"column":55}},"2":{"start":{"line":15,"column":37},"end":{"line":15,"column":70}},"3":{"start":{"line":18,"column":19},"end":{"line":22,"column":null}},"4":{"start":{"line":25,"column":4},"end":{"line":25,"column":18}},"5":{"start":{"line":27,"column":4},"end":{"line":27,"column":54}},"6":{"start":{"line":28,"column":4},"end":{"line":28,"column":75}},"7":{"start":{"line":40,"column":2},"end":{"line":40,"column":55}},"8":{"start":{"line":47,"column":2},"end":{"line":47,"column":60}},"9":{"start":{"line":59,"column":2},"end":{"line":59,"column":50}},"10":{"start":{"line":66,"column":2},"end":{"line":66,"column":51}},"11":{"start":{"line":73,"column":2},"end":{"line":73,"column":50}},"12":{"start":{"line":80,"column":2},"end":{"line":80,"column":57}},"13":{"start":{"line":87,"column":2},"end":{"line":87,"column":56}},"14":{"start":{"line":94,"column":2},"end":{"line":94,"column":45}}},"fnMap":{"0":{"name":"processEpub","decl":{"start":{"line":9,"column":22},"end":{"line":9,"column":33}},"loc":{"start":{"line":9,"column":44},"end":{"line":30,"column":1}}},"1":{"name":"getProcessedBook","decl":{"start":{"line":35,"column":22},"end":{"line":35,"column":38}},"loc":{"start":{"line":35,"column":53},"end":{"line":41,"column":1}}},"2":{"name":"getChapter","decl":{"start":{"line":46,"column":16},"end":{"line":46,"column":26}},"loc":{"start":{"line":46,"column":60},"end":{"line":48,"column":1}}},"3":{"name":"getProcessedBooks","decl":{"start":{"line":53,"column":16},"end":{"line":53,"column":33}},"loc":{"start":{"line":53,"column":33},"end":{"line":60,"column":1}}},"4":{"name":"removeProcessedBook","decl":{"start":{"line":65,"column":16},"end":{"line":65,"column":35}},"loc":{"start":{"line":65,"column":50},"end":{"line":67,"column":1}}},"5":{"name":"getReadingHistory","decl":{"start":{"line":72,"column":16},"end":{"line":72,"column":33}},"loc":{"start":{"line":72,"column":33},"end":{"line":74,"column":1}}},"6":{"name":"addToReadingHistory","decl":{"start":{"line":79,"column":16},"end":{"line":79,"column":35}},"loc":{"start":{"line":79,"column":62},"end":{"line":81,"column":1}}},"7":{"name":"removeFromReadingHistory","decl":{"start":{"line":86,"column":16},"end":{"line":86,"column":40}},"loc":{"start":{"line":86,"column":55},"end":{"line":88,"column":1}}},"8":{"name":"clearReadingHistory","decl":{"start":{"line":93,"column":16},"end":{"line":93,"column":35}},"loc":{"start":{"line":93,"column":35},"end":{"line":95,"column":1}}}},"branchMap":{},"s":{"0":0,"1":0,"2":0,"3":0,"4":0,"5":0,"6":0,"7":0,"8":0,"9":0,"10":0,"11":0,"12":0,"13":0,"14":0},"f":{"0":0,"1":0,"2":0,"3":0,"4":0,"5":0,"6":0,"7":0,"8":0},"b":{}}
,"C:\\Users\\Lane\\Documents\\GitHub\\ComfyReaderTempo\\src\\services\\epub-processor\\storageService.ts": {"path":"C:\\Users\\Lane\\Documents\\GitHub\\ComfyReaderTempo\\src\\services\\epub-processor\\storageService.ts","statementMap":{"0":{"start":{"line":19,"column":19},"end":{"line":19,"column":null}},"1":{"start":{"line":20,"column":19},"end":{"line":20,"column":null}},"2":{"start":{"line":21,"column":19},"end":{"line":21,"column":null}},"3":{"start":{"line":32,"column":4},"end":{"line":70,"column":5}},"4":{"start":{"line":34,"column":25},"end":{"line":34,"column":59}},"5":{"start":{"line":37,"column":23},"end":{"line":43,"column":8}},"6":{"start":{"line":41,"column":45},"end":{"line":41,"column":49}},"7":{"start":{"line":45,"column":6},"end":{"line":45,"column":75}},"8":{"start":{"line":48,"column":6},"end":{"line":50,"column":7}},"9":{"start":{"line":49,"column":8},"end":{"line":49,"column":72}},"10":{"start":{"line":53,"column":6},"end":{"line":53,"column":61}},"11":{"start":{"line":56,"column":6},"end":{"line":56,"column":53}},"12":{"start":{"line":59,"column":6},"end":{"line":59,"column":57}},"13":{"start":{"line":62,"column":6},"end":{"line":62,"column":34}},"14":{"start":{"line":64,"column":6},"end":{"line":64,"column":21}},"15":{"start":{"line":66,"column":6},"end":{"line":66,"column":60}},"16":{"start":{"line":67,"column":6},"end":{"line":69,"column":8}},"17":{"start":{"line":81,"column":4},"end":{"line":108,"column":5}},"18":{"start":{"line":82,"column":25},"end":{"line":82,"column":58}},"19":{"start":{"line":85,"column":27},"end":{"line":85,"column":69}},"20":{"start":{"line":86,"column":6},"end":{"line":88,"column":7}},"21":{"start":{"line":87,"column":8},"end":{"line":87,"column":60}},"22":{"start":{"line":90,"column":23},"end":{"line":90,"column":47}},"23":{"start":{"line":93,"column":24},"end":{"line":93,"column":73}},"24":{"start":{"line":96,"column":18},"end":{"line":96,"column":65}},"25":{"start":{"line":98,"column":6},"end":{"line":102,"column":8}},"26":{"start":{"line":104,"column":6},"end":{"line":104,"column":63}},"27":{"start":{"line":105,"column":6},"end":{"line":107,"column":8}},"28":{"start":{"line":115,"column":23},"end":{"line":115,"column":56}},"29":{"start":{"line":116,"column":16},"end":{"line":116,"column":62}},"30":{"start":{"line":118,"column":4},"end":{"line":118,"column":43}},"31":{"start":{"line":145,"column":23},"end":{"line":145,"column":56}},"32":{"start":{"line":148,"column":29},"end":{"line":153,"column":null}},"33":{"start":{"line":149,"column":29},"end":{"line":153,"column":8}},"34":{"start":{"line":156,"column":4},"end":{"line":159,"column":6}},"35":{"start":{"line":170,"column":4},"end":{"line":192,"column":5}},"36":{"start":{"line":172,"column":24},"end":{"line":172,"column":68}},"37":{"start":{"line":173,"column":20},"end":{"line":173,"column":null}},"38":{"start":{"line":181,"column":6},"end":{"line":186,"column":9}},"39":{"start":{"line":189,"column":6},"end":{"line":189,"column":66}},"40":{"start":{"line":191,"column":6},"end":{"line":191,"column":57}},"41":{"start":{"line":204,"column":4},"end":{"line":210,"column":5}},"42":{"start":{"line":205,"column":24},"end":{"line":205,"column":68}},"43":{"start":{"line":206,"column":6},"end":{"line":206,"column":35}},"44":{"start":{"line":208,"column":6},"end":{"line":208,"column":59}},"45":{"start":{"line":209,"column":6},"end":{"line":209,"column":16}},"46":{"start":{"line":217,"column":4},"end":{"line":245,"column":5}},"47":{"start":{"line":218,"column":25},"end":{"line":218,"column":58}},"48":{"start":{"line":221,"column":19},"end":{"line":222,"column":null}},"49":{"start":{"line":222,"column":8},"end":{"line":222,"column":34}},"50":{"start":{"line":225,"column":6},"end":{"line":227,"column":7}},"51":{"start":{"line":226,"column":8},"end":{"line":226,"column":37}},"52":{"start":{"line":230,"column":24},"end":{"line":230,"column":68}},"53":{"start":{"line":231,"column":20},"end":{"line":231,"column":null}},"54":{"start":{"line":238,"column":27},"end":{"line":238,"column":69}},"55":{"start":{"line":238,"column":50},"end":{"line":238,"column":68}},"56":{"start":{"line":239,"column":6},"end":{"line":239,"column":73}},"57":{"start":{"line":242,"column":6},"end":{"line":242,"column":44}},"58":{"start":{"line":244,"column":6},"end":{"line":244,"column":61}},"59":{"start":{"line":252,"column":4},"end":{"line":274,"column":5}},"60":{"start":{"line":254,"column":26},"end":{"line":254,"column":72}},"61":{"start":{"line":255,"column":22},"end":{"line":255,"column":70}},"62":{"start":{"line":258,"column":29},"end":{"line":259,"column":null}},"63":{"start":{"line":259,"column":18},"end":{"line":259,"column":46}},"64":{"start":{"line":263,"column":6},"end":{"line":263,"column":36}},"65":{"start":{"line":266,"column":6},"end":{"line":268,"column":7}},"66":{"start":{"line":267,"column":8},"end":{"line":267,"column":29}},"67":{"start":{"line":271,"column":6},"end":{"line":271,"column":77}},"68":{"start":{"line":273,"column":6},"end":{"line":273,"column":62}},"69":{"start":{"line":281,"column":4},"end":{"line":287,"column":5}},"70":{"start":{"line":282,"column":26},"end":{"line":282,"column":72}},"71":{"start":{"line":283,"column":6},"end":{"line":283,"column":37}},"72":{"start":{"line":285,"column":6},"end":{"line":285,"column":64}},"73":{"start":{"line":286,"column":6},"end":{"line":286,"column":16}},"74":{"start":{"line":294,"column":4},"end":{"line":303,"column":5}},"75":{"start":{"line":295,"column":26},"end":{"line":295,"column":72}},"76":{"start":{"line":296,"column":22},"end":{"line":296,"column":70}},"77":{"start":{"line":298,"column":29},"end":{"line":298,"column":77}},"78":{"start":{"line":298,"column":54},"end":{"line":298,"column":76}},"79":{"start":{"line":300,"column":6},"end":{"line":300,"column":77}},"80":{"start":{"line":302,"column":6},"end":{"line":302,"column":67}},"81":{"start":{"line":310,"column":4},"end":{"line":310,"column":46}},"82":{"start":{"line":18,"column":0},"end":{"line":18,"column":13}},"83":{"start":{"line":315,"column":13},"end":{"line":315,"column":63}}},"fnMap":{"0":{"name":"(anonymous_0)","decl":{"start":{"line":18,"column":0},"end":{"line":18,"column":13}},"loc":{"start":{"line":18,"column":0},"end":{"line":312,"column":1}}},"1":{"name":"(anonymous_1)","decl":{"start":{"line":26,"column":9},"end":{"line":26,"column":14}},"loc":{"start":{"line":30,"column":15},"end":{"line":71,"column":3}}},"2":{"name":"(anonymous_2)","decl":{"start":{"line":41,"column":38},"end":{"line":41,"column":39}},"loc":{"start":{"line":41,"column":45},"end":{"line":41,"column":49}}},"3":{"name":"(anonymous_3)","decl":{"start":{"line":76,"column":9},"end":{"line":76,"column":14}},"loc":{"start":{"line":76,"column":46},"end":{"line":109,"column":3}}},"4":{"name":"(anonymous_4)","decl":{"start":{"line":114,"column":9},"end":{"line":114,"column":19}},"loc":{"start":{"line":114,"column":53},"end":{"line":119,"column":3}}},"5":{"name":"(anonymous_5)","decl":{"start":{"line":124,"column":10},"end":{"line":124,"column":15}},"loc":{"start":{"line":126,"column":36},"end":{"line":164,"column":3}}},"6":{"name":"(anonymous_6)","decl":{"start":{"line":149,"column":6},"end":{"line":149,"column":7}},"loc":{"start":{"line":149,"column":29},"end":{"line":153,"column":8}}},"7":{"name":"(anonymous_7)","decl":{"start":{"line":169,"column":10},"end":{"line":169,"column":15}},"loc":{"start":{"line":169,"column":46},"end":{"line":193,"column":3}}},"8":{"name":"(anonymous_8)","decl":{"start":{"line":198,"column":9},"end":{"line":198,"column":26}},"loc":{"start":{"line":198,"column":26},"end":{"line":211,"column":3}}},"9":{"name":"(anonymous_9)","decl":{"start":{"line":216,"column":9},"end":{"line":216,"column":28}},"loc":{"start":{"line":216,"column":43},"end":{"line":246,"column":3}}},"10":{"name":"(anonymous_10)","decl":{"start":{"line":221,"column":52},"end":{"line":221,"column":53}},"loc":{"start":{"line":222,"column":8},"end":{"line":222,"column":34}}},"11":{"name":"(anonymous_11)","decl":{"start":{"line":238,"column":40},"end":{"line":238,"column":41}},"loc":{"start":{"line":238,"column":50},"end":{"line":238,"column":68}}},"12":{"name":"(anonymous_12)","decl":{"start":{"line":251,"column":9},"end":{"line":251,"column":28}},"loc":{"start":{"line":251,"column":55},"end":{"line":275,"column":3}}},"13":{"name":"(anonymous_13)","decl":{"start":{"line":259,"column":8},"end":{"line":259,"column":9}},"loc":{"start":{"line":259,"column":18},"end":{"line":259,"column":46}}},"14":{"name":"(anonymous_14)","decl":{"start":{"line":280,"column":9},"end":{"line":280,"column":26}},"loc":{"start":{"line":280,"column":26},"end":{"line":288,"column":3}}},"15":{"name":"(anonymous_15)","decl":{"start":{"line":293,"column":9},"end":{"line":293,"column":33}},"loc":{"start":{"line":293,"column":48},"end":{"line":304,"column":3}}},"16":{"name":"(anonymous_16)","decl":{"start":{"line":298,"column":44},"end":{"line":298,"column":45}},"loc":{"start":{"line":298,"column":54},"end":{"line":298,"column":76}}},"17":{"name":"(anonymous_17)","decl":{"start":{"line":309,"column":9},"end":{"line":309,"column":28}},"loc":{"start":{"line":309,"column":28},"end":{"line":311,"column":3}}}},"branchMap":{"0":{"loc":{"start":{"line":86,"column":6},"end":{"line":88,"column":7}},"type":"if","locations":[{"start":{"line":86,"column":6},"end":{"line":88,"column":7}}]},"1":{"loc":{"start":{"line":93,"column":24},"end":{"line":93,"column":73}},"type":"binary-expr","locations":[{"start":{"line":93,"column":24},"end":{"line":93,"column":67}},{"start":{"line":93,"column":71},"end":{"line":93,"column":73}}]},"2":{"loc":{"start":{"line":96,"column":18},"end":{"line":96,"column":65}},"type":"binary-expr","locations":[{"start":{"line":96,"column":18},"end":{"line":96,"column":59}},{"start":{"line":96,"column":63},"end":{"line":96,"column":65}}]},"3":{"loc":{"start":{"line":118,"column":11},"end":{"line":118,"column":42}},"type":"binary-expr","locations":[{"start":{"line":118,"column":11},"end":{"line":118,"column":36}},{"start":{"line":118,"column":40},"end":{"line":118,"column":42}}]},"4":{"loc":{"start":{"line":172,"column":24},"end":{"line":172,"column":68}},"type":"binary-expr","locations":[{"start":{"line":172,"column":24},"end":{"line":172,"column":60}},{"start":{"line":172,"column":64},"end":{"line":172,"column":68}}]},"5":{"loc":{"start":{"line":205,"column":24},"end":{"line":205,"column":68}},"type":"binary-expr","locations":[{"start":{"line":205,"column":24},"end":{"line":205,"column":60}},{"start":{"line":205,"column":64},"end":{"line":205,"column":68}}]},"6":{"loc":{"start":{"line":230,"column":24},"end":{"line":230,"column":68}},"type":"binary-expr","locations":[{"start":{"line":230,"column":24},"end":{"line":230,"column":60}},{"start":{"line":230,"column":64},"end":{"line":230,"column":68}}]},"7":{"loc":{"start":{"line":254,"column":26},"end":{"line":254,"column":72}},"type":"binary-expr","locations":[{"start":{"line":254,"column":26},"end":{"line":254,"column":64}},{"start":{"line":254,"column":68},"end":{"line":254,"column":72}}]},"8":{"loc":{"start":{"line":266,"column":6},"end":{"line":268,"column":7}},"type":"if","locations":[{"start":{"line":266,"column":6},"end":{"line":268,"column":7}}]},"9":{"loc":{"start":{"line":282,"column":26},"end":{"line":282,"column":72}},"type":"binary-expr","locations":[{"start":{"line":282,"column":26},"end":{"line":282,"column":64}},{"start":{"line":282,"column":68},"end":{"line":282,"column":72}}]},"10":{"loc":{"start":{"line":295,"column":26},"end":{"line":295,"column":72}},"type":"binary-expr","locations":[{"start":{"line":295,"column":26},"end":{"line":295,"column":64}},{"start":{"line":295,"column":68},"end":{"line":295,"column":72}}]}},"s":{"0":13,"1":13,"2":13,"3":2,"4":2,"5":2,"6":6,"7":2,"8":1,"9":3,"10":1,"11":1,"12":1,"13":1,"14":1,"15":1,"16":1,"17":2,"18":2,"19":2,"20":2,"21":1,"22":1,"23":1,"24":1,"25":1,"26":1,"27":1,"28":2,"29":2,"30":2,"31":1,"32":1,"33":2,"34":1,"35":1,"36":1,"37":1,"38":1,"39":1,"40":0,"41":0,"42":0,"43":0,"44":0,"45":0,"46":1,"47":1,"48":1,"49":6,"50":1,"51":0,"52":1,"53":1,"54":1,"55":2,"56":1,"57":1,"58":0,"59":2,"60":2,"61":2,"62":2,"63":1,"64":2,"65":2,"66":0,"67":2,"68":0,"69":1,"70":1,"71":1,"72":0,"73":0,"74":2,"75":2,"76":2,"77":2,"78":2,"79":2,"80":0,"81":1,"82":1,"83":1},"f":{"0":13,"1":2,"2":6,"3":2,"4":2,"5":1,"6":2,"7":1,"8":0,"9":1,"10":6,"11":2,"12":2,"13":1,"14":1,"15":2,"16":2,"17":1},"b":{"0":[1],"1":[1,1],"2":[1,1],"3":[2,2],"4":[1,1],"5":[0,0],"6":[1,0],"7":[2,1],"8":[0],"9":[1,0],"10":[2,1]}}
}
