TN:
SF:src\services\epub-processor\epubProcessor.ts
FN:17,processEpubToHtml
FN:59,parseEpubStructure
FN:95,getContentPath
FN:116,extractMetadata
FN:136,getElementText
FN:147,getElementArray
FN:164,extractManifest
FN:187,extractSpine
FN:206,parseToc
FN:241,parseNcxToc
FN:247,processNavPoint
FN:264,(anonymous_12)
FN:288,parseNavToc
FN:299,processListItem
FN:336,createTocFromSpine
FN:360,resolveHref
FN:380,processChapters
FN:422,findChapterTitle
FN:446,processHtmlContent
FN:465,processResources
FN:499,extractCss
FNF:21
FNH:16
FNDA:2,processEpubToHtml
FNDA:1,parseEpubStructure
FNDA:1,getContentPath
FNDA:1,extractMetadata
FNDA:7,getElementText
FNDA:1,getElementArray
FNDA:1,extractManifest
FNDA:1,extractSpine
FNDA:1,parseToc
FNDA:1,parseNcxToc
FNDA:0,processNavPoint
FNDA:0,(anonymous_12)
FNDA:0,parseNavToc
FNDA:0,processListItem
FNDA:0,createTocFromSpine
FNDA:3,resolveHref
FNDA:1,processChapters
FNDA:2,findChapterTitle
FNDA:2,processHtmlContent
FNDA:1,processResources
FNDA:1,extractCss
DA:1,1
DA:2,1
DA:17,1
DA:20,2
DA:22,2
DA:25,1
DA:28,1
DA:31,1
DA:34,1
DA:37,1
DA:42,1
DA:51,1
DA:52,1
DA:61,1
DA:64,1
DA:67,1
DA:68,1
DA:71,1
DA:74,1
DA:77,1
DA:80,1
DA:82,1
DA:96,1
DA:97,1
DA:98,1
DA:99,1
DA:101,1
DA:102,1
DA:103,1
DA:106,1
DA:110,0
DA:117,1
DA:118,1
DA:130,1
DA:137,7
DA:138,7
DA:139,4
DA:141,3
DA:148,1
DA:149,1
DA:151,1
DA:152,1
DA:153,1
DA:154,1
DA:158,1
DA:168,1
DA:169,1
DA:170,1
DA:172,1
DA:173,3
DA:174,3
DA:175,3
DA:176,3
DA:178,3
DA:181,1
DA:188,1
DA:189,1
DA:190,1
DA:192,1
DA:193,2
DA:194,2
DA:195,2
DA:197,2
DA:200,1
DA:214,1
DA:215,1
DA:217,1
DA:219,1
DA:220,1
DA:223,0
DA:224,0
DA:228,0
DA:229,0
DA:235,0
DA:242,1
DA:243,1
DA:244,1
DA:245,1
DA:248,0
DA:249,0
DA:250,0
DA:252,0
DA:253,0
DA:255,0
DA:263,0
DA:264,0
DA:267,0
DA:268,0
DA:271,0
DA:274,1
DA:275,0
DA:277,0
DA:278,0
DA:282,1
DA:289,0
DA:290,0
DA:291,0
DA:295,0
DA:296,0
DA:300,0
DA:301,0
DA:302,0
DA:304,0
DA:312,0
DA:313,0
DA:314,0
DA:315,0
DA:316,0
DA:320,0
DA:323,0
DA:324,0
DA:326,0
DA:327,0
DA:330,0
DA:340,0
DA:342,0
DA:343,0
DA:344,0
DA:345,0
DA:354,0
DA:361,3
DA:364,3
DA:365,0
DA:369,3
DA:370,0
DA:371,0
DA:374,3
DA:384,1
DA:386,1
DA:387,2
DA:389,2
DA:390,2
DA:391,2
DA:393,2
DA:395,2
DA:401,2
DA:416,1
DA:423,2
DA:424,2
DA:428,2
DA:429,2
DA:432,2
DA:433,2
DA:436,2
DA:437,2
DA:440,2
DA:451,2
DA:452,2
DA:455,2
DA:459,2
DA:469,1
DA:471,1
DA:473,3
DA:478,0
DA:479,0
DA:481,0
DA:482,0
DA:483,0
DA:493,1
DA:503,1
DA:505,1
DA:506,3
DA:507,0
DA:508,0
DA:510,0
DA:511,0
DA:512,0
DA:517,1
LF:168
LH:109
BRDA:103,0,0,1
BRDA:106,1,0,1
BRDA:106,1,1,0
BRDA:119,2,0,1
BRDA:119,2,1,0
BRDA:121,3,0,1
BRDA:121,3,1,0
BRDA:124,4,0,1
BRDA:124,4,1,0
BRDA:138,5,0,4
BRDA:139,6,0,4
BRDA:139,6,1,0
BRDA:153,7,0,1
BRDA:158,8,0,1
BRDA:158,8,1,0
BRDA:174,9,0,3
BRDA:174,9,1,0
BRDA:175,10,0,3
BRDA:175,10,1,0
BRDA:176,11,0,3
BRDA:176,11,1,0
BRDA:194,12,0,2
BRDA:194,12,1,0
BRDA:217,13,0,1
BRDA:217,13,1,0
BRDA:217,14,0,1
BRDA:217,14,1,1
BRDA:224,15,0,0
BRDA:225,16,0,0
BRDA:225,16,1,0
BRDA:252,17,0,0
BRDA:252,17,1,0
BRDA:253,18,0,0
BRDA:253,18,1,0
BRDA:277,19,0,0
BRDA:277,20,0,0
BRDA:277,20,1,0
BRDA:295,21,0,0
BRDA:301,22,0,0
BRDA:301,22,1,0
BRDA:302,23,0,0
BRDA:302,23,1,0
BRDA:313,24,0,0
BRDA:344,25,0,0
BRDA:361,26,0,0
BRDA:364,27,0,0
BRDA:369,28,0,0
BRDA:389,29,0,2
BRDA:389,30,0,2
BRDA:389,30,1,2
BRDA:393,31,0,2
BRDA:429,32,0,0
BRDA:433,33,0,0
BRDA:437,34,0,0
BRDA:455,35,0,0
BRDA:455,35,1,2
BRDA:473,36,0,0
BRDA:474,37,0,3
BRDA:474,37,1,0
BRDA:474,37,2,0
BRDA:481,38,0,0
BRDA:506,39,0,0
BRDA:510,40,0,0
BRF:63
BRH:22
end_of_record
TN:
SF:src\services\epub-processor\htmlGenerator.ts
FN:6,generateHtml
FN:36,normalizeStyles
FN:89,createChapterHtml
FN:138,createIndexHtml
FN:210,renderTocItems
FN:236,findChapterIdByHref
FNF:6
FNH:6
FNDA:3,generateHtml
FNDA:3,normalizeStyles
FNDA:6,createChapterHtml
FNDA:3,createIndexHtml
FNDA:6,renderTocItems
FNDA:15,findChapterIdByHref
DA:6,1
DA:12,3
DA:15,3
DA:16,3
DA:17,6
DA:24,3
DA:26,3
DA:37,3
DA:40,3
DA:41,2
DA:45,3
DA:83,3
DA:90,6
DA:139,3
DA:211,6
DA:213,6
DA:215,15
DA:217,15
DA:225,15
DA:226,3
DA:230,6
DA:238,15
DA:241,15
DA:242,20
DA:243,10
DA:248,5
LF:26
LH:26
BRDA:192,0,0,3
BRDA:192,0,1,0
BRDA:218,1,0,15
BRDA:218,1,1,0
BRDA:221,2,0,6
BRDA:221,2,1,9
BRDA:225,3,0,3
BRDA:225,4,0,15
BRDA:225,4,1,15
BRDA:242,5,0,10
BRDA:248,6,0,0
BRDA:248,6,1,5
BRF:12
BRH:9
end_of_record
TN:
SF:src\services\epub-processor\index.ts
FN:9,processEpub
FN:35,getProcessedBook
FN:46,getChapter
FN:53,getProcessedBooks
FN:65,removeProcessedBook
FN:72,getReadingHistory
FN:79,addToReadingHistory
FN:86,removeFromReadingHistory
FN:93,clearReadingHistory
FNF:9
FNH:0
FNDA:0,processEpub
FNDA:0,getProcessedBook
FNDA:0,getChapter
FNDA:0,getProcessedBooks
FNDA:0,removeProcessedBook
FNDA:0,getReadingHistory
FNDA:0,addToReadingHistory
FNDA:0,removeFromReadingHistory
FNDA:0,clearReadingHistory
DA:10,0
DA:12,0
DA:15,0
DA:18,0
DA:25,0
DA:27,0
DA:28,0
DA:40,0
DA:47,0
DA:59,0
DA:66,0
DA:73,0
DA:80,0
DA:87,0
DA:94,0
LF:15
LH:0
BRF:0
BRH:0
end_of_record
TN:
SF:src\services\epub-processor\storageService.ts
FN:18,(anonymous_0)
FN:26,(anonymous_1)
FN:41,(anonymous_2)
FN:76,(anonymous_3)
FN:114,(anonymous_4)
FN:124,(anonymous_5)
FN:149,(anonymous_6)
FN:169,(anonymous_7)
FN:198,(anonymous_8)
FN:216,(anonymous_9)
FN:221,(anonymous_10)
FN:238,(anonymous_11)
FN:251,(anonymous_12)
FN:259,(anonymous_13)
FN:280,(anonymous_14)
FN:293,(anonymous_15)
FN:298,(anonymous_16)
FN:309,(anonymous_17)
FNF:18
FNH:17
FNDA:13,(anonymous_0)
FNDA:2,(anonymous_1)
FNDA:6,(anonymous_2)
FNDA:2,(anonymous_3)
FNDA:2,(anonymous_4)
FNDA:1,(anonymous_5)
FNDA:2,(anonymous_6)
FNDA:1,(anonymous_7)
FNDA:0,(anonymous_8)
FNDA:1,(anonymous_9)
FNDA:6,(anonymous_10)
FNDA:2,(anonymous_11)
FNDA:2,(anonymous_12)
FNDA:1,(anonymous_13)
FNDA:1,(anonymous_14)
FNDA:2,(anonymous_15)
FNDA:2,(anonymous_16)
FNDA:1,(anonymous_17)
DA:18,1
DA:19,13
DA:20,13
DA:21,13
DA:32,2
DA:34,2
DA:37,2
DA:41,6
DA:45,2
DA:48,1
DA:49,3
DA:53,1
DA:56,1
DA:59,1
DA:62,1
DA:64,1
DA:66,1
DA:67,1
DA:81,2
DA:82,2
DA:85,2
DA:86,2
DA:87,1
DA:90,1
DA:93,1
DA:96,1
DA:98,1
DA:104,1
DA:105,1
DA:115,2
DA:116,2
DA:118,2
DA:145,1
DA:148,1
DA:149,2
DA:156,1
DA:170,1
DA:172,1
DA:173,1
DA:181,1
DA:189,1
DA:191,0
DA:204,0
DA:205,0
DA:206,0
DA:208,0
DA:209,0
DA:217,1
DA:218,1
DA:221,1
DA:222,6
DA:225,1
DA:226,0
DA:230,1
DA:231,1
DA:238,2
DA:239,1
DA:242,1
DA:244,0
DA:252,2
DA:254,2
DA:255,2
DA:258,2
DA:259,1
DA:263,2
DA:266,2
DA:267,0
DA:271,2
DA:273,0
DA:281,1
DA:282,1
DA:283,1
DA:285,0
DA:286,0
DA:294,2
DA:295,2
DA:296,2
DA:298,2
DA:300,2
DA:302,0
DA:310,1
DA:315,1
LF:82
LH:69
BRDA:86,0,0,1
BRDA:93,1,0,1
BRDA:93,1,1,1
BRDA:96,2,0,1
BRDA:96,2,1,1
BRDA:118,3,0,2
BRDA:118,3,1,2
BRDA:172,4,0,1
BRDA:172,4,1,1
BRDA:205,5,0,0
BRDA:205,5,1,0
BRDA:230,6,0,1
BRDA:230,6,1,0
BRDA:254,7,0,2
BRDA:254,7,1,1
BRDA:266,8,0,0
BRDA:282,9,0,1
BRDA:282,9,1,0
BRDA:295,10,0,2
BRDA:295,10,1,1
BRF:20
BRH:15
end_of_record
