TN:
SF:src\services\epub-processor\epubProcessor.ts
FN:17,processEpubToHtml
FN:59,parseEpubStructure
FN:95,getContentPath
FN:116,extractMetadata
FN:136,getElementText
FN:147,getElementArray
FN:164,extractManifest
FN:187,extractSpine
FN:206,parseToc
FN:241,parseNcxToc
FN:247,processNavPoint
FN:264,(anonymous_11)
FN:288,parseNavToc
FN:299,processListItem
FN:336,createTocFromSpine
FN:360,resolveHref
FN:380,processChapters
FN:422,findChapterTitle
FN:446,processHtmlContent
FN:465,processResources
FN:499,extractCss
FNF:21
FNH:0
FNDA:0,processEpubToHtml
FNDA:0,parseEpubStructure
FNDA:0,getContentPath
FNDA:0,extractMetadata
FNDA:0,getElementText
FNDA:0,getElementArray
FNDA:0,extractManifest
FNDA:0,extractSpine
FNDA:0,parseToc
FNDA:0,parseNcxToc
FNDA:0,processNavPoint
FNDA:0,(anonymous_11)
FNDA:0,parseNavToc
FNDA:0,processListItem
FNDA:0,createTocFromSpine
FNDA:0,resolveHref
FNDA:0,processChapters
FNDA:0,findChapterTitle
FNDA:0,processHtmlContent
FNDA:0,processResources
FNDA:0,extractCss
DA:20,0
DA:22,0
DA:25,0
DA:28,0
DA:31,0
DA:34,0
DA:37,0
DA:42,0
DA:51,0
DA:52,0
DA:61,0
DA:64,0
DA:67,0
DA:68,0
DA:71,0
DA:74,0
DA:77,0
DA:80,0
DA:82,0
DA:96,0
DA:97,0
DA:98,0
DA:99,0
DA:101,0
DA:102,0
DA:103,0
DA:106,0
DA:110,0
DA:117,0
DA:118,0
DA:130,0
DA:137,0
DA:138,0
DA:139,0
DA:141,0
DA:148,0
DA:149,0
DA:151,0
DA:152,0
DA:153,0
DA:154,0
DA:158,0
DA:168,0
DA:169,0
DA:170,0
DA:172,0
DA:173,0
DA:174,0
DA:175,0
DA:176,0
DA:178,0
DA:181,0
DA:188,0
DA:189,0
DA:190,0
DA:192,0
DA:193,0
DA:194,0
DA:195,0
DA:197,0
DA:200,0
DA:214,0
DA:215,0
DA:217,0
DA:219,0
DA:220,0
DA:223,0
DA:224,0
DA:228,0
DA:229,0
DA:235,0
DA:242,0
DA:243,0
DA:244,0
DA:245,0
DA:248,0
DA:249,0
DA:250,0
DA:252,0
DA:253,0
DA:255,0
DA:263,0
DA:264,0
DA:267,0
DA:268,0
DA:271,0
DA:274,0
DA:275,0
DA:277,0
DA:278,0
DA:282,0
DA:289,0
DA:290,0
DA:291,0
DA:295,0
DA:296,0
DA:300,0
DA:301,0
DA:302,0
DA:304,0
DA:312,0
DA:313,0
DA:314,0
DA:315,0
DA:316,0
DA:320,0
DA:323,0
DA:324,0
DA:326,0
DA:327,0
DA:330,0
DA:340,0
DA:342,0
DA:343,0
DA:344,0
DA:345,0
DA:354,0
DA:361,0
DA:364,0
DA:365,0
DA:369,0
DA:370,0
DA:371,0
DA:374,0
DA:384,0
DA:386,0
DA:387,0
DA:389,0
DA:390,0
DA:391,0
DA:393,0
DA:395,0
DA:401,0
DA:416,0
DA:423,0
DA:424,0
DA:428,0
DA:429,0
DA:432,0
DA:433,0
DA:436,0
DA:437,0
DA:440,0
DA:451,0
DA:452,0
DA:455,0
DA:459,0
DA:469,0
DA:471,0
DA:473,0
DA:478,0
DA:479,0
DA:481,0
DA:482,0
DA:483,0
DA:493,0
DA:503,0
DA:505,0
DA:506,0
DA:507,0
DA:508,0
DA:510,0
DA:511,0
DA:512,0
DA:517,0
LF:165
LH:0
BRDA:103,0,0,0
BRDA:106,1,0,0
BRDA:106,1,1,0
BRDA:119,2,0,0
BRDA:119,2,1,0
BRDA:121,3,0,0
BRDA:121,3,1,0
BRDA:124,4,0,0
BRDA:124,4,1,0
BRDA:138,5,0,0
BRDA:139,6,0,0
BRDA:139,6,1,0
BRDA:153,7,0,0
BRDA:158,8,0,0
BRDA:158,8,1,0
BRDA:174,9,0,0
BRDA:174,9,1,0
BRDA:175,10,0,0
BRDA:175,10,1,0
BRDA:176,11,0,0
BRDA:176,11,1,0
BRDA:194,12,0,0
BRDA:194,12,1,0
BRDA:217,13,0,0
BRDA:217,13,1,0
BRDA:217,14,0,0
BRDA:217,14,1,0
BRDA:224,15,0,0
BRDA:225,16,0,0
BRDA:225,16,1,0
BRDA:252,17,0,0
BRDA:252,17,1,0
BRDA:253,18,0,0
BRDA:253,18,1,0
BRDA:277,19,0,0
BRDA:277,20,0,0
BRDA:277,20,1,0
BRDA:295,21,0,0
BRDA:301,22,0,0
BRDA:301,22,1,0
BRDA:302,23,0,0
BRDA:302,23,1,0
BRDA:313,24,0,0
BRDA:344,25,0,0
BRDA:361,26,0,0
BRDA:364,27,0,0
BRDA:369,28,0,0
BRDA:389,29,0,0
BRDA:389,30,0,0
BRDA:389,30,1,0
BRDA:393,31,0,0
BRDA:429,32,0,0
BRDA:433,33,0,0
BRDA:437,34,0,0
BRDA:455,35,0,0
BRDA:455,35,1,0
BRDA:473,36,0,0
BRDA:474,37,0,0
BRDA:474,37,1,0
BRDA:474,37,2,0
BRDA:481,38,0,0
BRDA:506,39,0,0
BRDA:510,40,0,0
BRF:63
BRH:0
end_of_record
TN:
SF:src\services\epub-processor\htmlGenerator.ts
FN:6,generateHtml
FN:36,normalizeStyles
FN:89,createChapterHtml
FN:138,createIndexHtml
FN:210,renderTocItems
FN:236,findChapterIdByHref
FNF:6
FNH:6
FNDA:12,generateHtml
FNDA:12,normalizeStyles
FNDA:1671,createChapterHtml
FNDA:12,createIndexHtml
FNDA:12,renderTocItems
FNDA:1671,findChapterIdByHref
DA:6,1
DA:12,12
DA:15,12
DA:16,12
DA:17,1671
DA:24,12
DA:26,12
DA:37,12
DA:40,12
DA:41,12
DA:45,12
DA:83,12
DA:90,1671
DA:139,12
DA:211,12
DA:213,12
DA:215,1671
DA:217,1671
DA:225,1671
DA:226,0
DA:230,12
DA:238,1671
DA:241,1671
DA:242,195138
DA:243,1671
DA:248,0
LF:26
LH:24
BRDA:192,0,0,12
BRDA:192,0,1,0
BRDA:218,1,0,1671
BRDA:218,1,1,0
BRDA:221,2,0,0
BRDA:221,2,1,1671
BRDA:225,3,0,0
BRDA:225,4,0,1671
BRDA:225,4,1,1671
BRDA:242,5,0,1671
BRDA:248,6,0,0
BRDA:248,6,1,0
BRF:12
BRH:6
end_of_record
TN:
SF:src\services\epub-processor\index.ts
FN:9,processEpub
FN:35,getProcessedBook
FN:46,getChapter
FN:53,getProcessedBooks
FN:65,removeProcessedBook
FN:72,getReadingHistory
FN:79,addToReadingHistory
FN:86,removeFromReadingHistory
FN:93,clearReadingHistory
FNF:9
FNH:0
FNDA:0,processEpub
FNDA:0,getProcessedBook
FNDA:0,getChapter
FNDA:0,getProcessedBooks
FNDA:0,removeProcessedBook
FNDA:0,getReadingHistory
FNDA:0,addToReadingHistory
FNDA:0,removeFromReadingHistory
FNDA:0,clearReadingHistory
DA:10,0
DA:12,0
DA:15,0
DA:18,0
DA:25,0
DA:27,0
DA:28,0
DA:40,0
DA:47,0
DA:59,0
DA:66,0
DA:73,0
DA:80,0
DA:87,0
DA:94,0
LF:15
LH:0
BRF:0
BRH:0
end_of_record
TN:
SF:src\services\epub-processor\storageService.ts
FN:18,(anonymous_0)
FN:26,(anonymous_1)
FN:41,(anonymous_2)
FN:76,(anonymous_3)
FN:114,(anonymous_4)
FN:124,(anonymous_5)
FN:149,(anonymous_6)
FN:169,(anonymous_7)
FN:198,(anonymous_8)
FN:216,(anonymous_9)
FN:221,(anonymous_10)
FN:238,(anonymous_11)
FN:251,(anonymous_12)
FN:259,(anonymous_13)
FN:280,(anonymous_14)
FN:293,(anonymous_15)
FN:298,(anonymous_16)
FN:309,(anonymous_17)
FNF:18
FNH:5
FNDA:13,(anonymous_0)
FNDA:8,(anonymous_1)
FNDA:1114,(anonymous_2)
FNDA:0,(anonymous_3)
FNDA:0,(anonymous_4)
FNDA:8,(anonymous_5)
FNDA:0,(anonymous_6)
FNDA:8,(anonymous_7)
FNDA:0,(anonymous_8)
FNDA:0,(anonymous_9)
FNDA:0,(anonymous_10)
FNDA:0,(anonymous_11)
FNDA:0,(anonymous_12)
FNDA:0,(anonymous_13)
FNDA:0,(anonymous_14)
FNDA:0,(anonymous_15)
FNDA:0,(anonymous_16)
FNDA:0,(anonymous_17)
DA:18,1
DA:19,13
DA:20,13
DA:21,13
DA:32,8
DA:34,8
DA:37,8
DA:41,1114
DA:45,8
DA:48,8
DA:49,1114
DA:53,8
DA:56,8
DA:59,8
DA:62,8
DA:64,8
DA:66,0
DA:67,0
DA:81,0
DA:82,0
DA:85,0
DA:86,0
DA:87,0
DA:90,0
DA:93,0
DA:96,0
DA:98,0
DA:104,0
DA:105,0
DA:115,0
DA:116,0
DA:118,0
DA:145,8
DA:148,8
DA:149,0
DA:156,8
DA:170,8
DA:172,8
DA:173,8
DA:181,8
DA:189,8
DA:191,0
DA:204,0
DA:205,0
DA:206,0
DA:208,0
DA:209,0
DA:217,0
DA:218,0
DA:221,0
DA:222,0
DA:225,0
DA:226,0
DA:230,0
DA:231,0
DA:238,0
DA:239,0
DA:242,0
DA:244,0
DA:252,0
DA:254,0
DA:255,0
DA:258,0
DA:259,0
DA:263,0
DA:266,0
DA:267,0
DA:271,0
DA:273,0
DA:281,0
DA:282,0
DA:283,0
DA:285,0
DA:286,0
DA:294,0
DA:295,0
DA:296,0
DA:298,0
DA:300,0
DA:302,0
DA:310,0
DA:315,1
LF:82
LH:25
BRDA:86,0,0,0
BRDA:93,1,0,0
BRDA:93,1,1,0
BRDA:96,2,0,0
BRDA:96,2,1,0
BRDA:118,3,0,0
BRDA:118,3,1,0
BRDA:172,4,0,8
BRDA:172,4,1,8
BRDA:205,5,0,0
BRDA:205,5,1,0
BRDA:230,6,0,0
BRDA:230,6,1,0
BRDA:254,7,0,0
BRDA:254,7,1,0
BRDA:266,8,0,0
BRDA:282,9,0,0
BRDA:282,9,1,0
BRDA:295,10,0,0
BRDA:295,10,1,0
BRF:20
BRH:2
end_of_record
